****                   ADMIXTURE Version 1.3.0                  ****
****                    Copyright 2008-2015                     ****
****           David Alexander, Suyash Shringarpure,            ****
****                John  Novembre, Ken Lange                   ****
****                                                            ****
****                 Please cite our paper!                     ****
****   Information at www.genetics.ucla.edu/software/admixture  ****

Cross-validation will be performed.  Folds=5.
Parallel execution requested.  Will use 2 threads.
Random seed: 12345
Point estimation method: Block relaxation algorithm
Convergence acceleration algorithm: QuasiNewton, 3 secant conditions
Point estimation will terminate when objective function delta < 0.0001
Estimation of standard errors disabled; will compute point estimates only.
Size of G: 56x483494
Performing five EM steps to prime main algorithm
1 (EM) 	Elapsed: 0.399	Loglikelihood: -8.47031e+06	(delta): 4.57167e+07
2 (EM) 	Elapsed: 0.398	Loglikelihood: -8.47031e+06	(delta): 0
3 (EM) 	Elapsed: 0.396	Loglikelihood: -8.47031e+06	(delta): 0
4 (EM) 	Elapsed: 0.396	Loglikelihood: -8.47031e+06	(delta): 0
5 (EM) 	Elapsed: 0.396	Loglikelihood: -8.47031e+06	(delta): 0
Initial loglikelihood: -8.47031e+06
Starting main algorithm
1 (QN/Block) 	Elapsed: 1.367	Loglikelihood: -8.47031e+06	(delta): 1.86265e-09
Summary: 
Converged in 1 iterations (4.423 sec)
Loglikelihood: -8470305.973095
CV error (K=1): 0.22494
Writing output files.
