****                   ADMIXTURE Version 1.3.0                  ****
****                    Copyright 2008-2015                     ****
****           David Alexander, Suyash Shringarpure,            ****
****                John  Novembre, Ken Lange                   ****
****                                                            ****
****                 Please cite our paper!                     ****
****   Information at www.genetics.ucla.edu/software/admixture  ****

Cross-validation will be performed.  Folds=5.
Parallel execution requested.  Will use 2 threads.
Random seed: 12345
Point estimation method: Block relaxation algorithm
Convergence acceleration algorithm: QuasiNewton, 3 secant conditions
Point estimation will terminate when objective function delta < 0.0001
Estimation of standard errors disabled; will compute point estimates only.
Size of G: 56x483494
Performing five EM steps to prime main algorithm
1 (EM) 	Elapsed: 1.195	Loglikelihood: -9.06577e+06	(delta): 3.29002e+07
2 (EM) 	Elapsed: 1.196	Loglikelihood: -8.44978e+06	(delta): 615994
3 (EM) 	Elapsed: 1.194	Loglikelihood: -8.32187e+06	(delta): 127911
4 (EM) 	Elapsed: 1.194	Loglikelihood: -8.25154e+06	(delta): 70330.1
5 (EM) 	Elapsed: 1.195	Loglikelihood: -8.20463e+06	(delta): 46913
Initial loglikelihood: -8.20463e+06
Starting main algorithm
1 (QN/Block) 	Elapsed: 3.599	Loglikelihood: -7.83527e+06	(delta): 369361
2 (QN/Block) 	Elapsed: 3.585	Loglikelihood: -7.56603e+06	(delta): 269236
3 (QN/Block) 	Elapsed: 4.13	Loglikelihood: -7.41051e+06	(delta): 155523
4 (QN/Block) 	Elapsed: 4.122	Loglikelihood: -7.3331e+06	(delta): 77408.8
5 (QN/Block) 	Elapsed: 4.074	Loglikelihood: -7.30267e+06	(delta): 30429.2
6 (QN/Block) 	Elapsed: 4.074	Loglikelihood: -7.2902e+06	(delta): 12472.8
7 (QN/Block) 	Elapsed: 4.14	Loglikelihood: -7.28142e+06	(delta): 8779.53
8 (QN/Block) 	Elapsed: 4.3	Loglikelihood: -7.26962e+06	(delta): 11801.2
9 (QN/Block) 	Elapsed: 4.06	Loglikelihood: -7.26208e+06	(delta): 7539.55
10 (QN/Block) 	Elapsed: 4.244	Loglikelihood: -7.25234e+06	(delta): 9735.97
11 (QN/Block) 	Elapsed: 4.054	Loglikelihood: -7.24545e+06	(delta): 6892.14
12 (QN/Block) 	Elapsed: 4.068	Loglikelihood: -7.24404e+06	(delta): 1405.68
13 (QN/Block) 	Elapsed: 4.052	Loglikelihood: -7.24345e+06	(delta): 587.287
14 (QN/Block) 	Elapsed: 4.425	Loglikelihood: -7.2379e+06	(delta): 5551.28
15 (QN/Block) 	Elapsed: 4.61	Loglikelihood: -7.23343e+06	(delta): 4477.48
16 (QN/Block) 	Elapsed: 4.231	Loglikelihood: -7.22955e+06	(delta): 3871.99
17 (QN/Block) 	Elapsed: 4.421	Loglikelihood: -7.22782e+06	(delta): 1735.19
18 (QN/Block) 	Elapsed: 4.052	Loglikelihood: -7.2265e+06	(delta): 1318.51
19 (QN/Block) 	Elapsed: 4.095	Loglikelihood: -7.22635e+06	(delta): 145.863
20 (QN/Block) 	Elapsed: 4.08	Loglikelihood: -7.22632e+06	(delta): 31.4543
21 (QN/Block) 	Elapsed: 4.412	Loglikelihood: -7.2263e+06	(delta): 27.7724
22 (QN/Block) 	Elapsed: 4.292	Loglikelihood: -7.22625e+06	(delta): 47.9792
23 (QN/Block) 	Elapsed: 4.647	Loglikelihood: -7.22621e+06	(delta): 37.2868
24 (QN/Block) 	Elapsed: 4.224	Loglikelihood: -7.22621e+06	(delta): 1.10246
25 (QN/Block) 	Elapsed: 4.087	Loglikelihood: -7.22621e+06	(delta): 0.0259645
26 (QN/Block) 	Elapsed: 4.227	Loglikelihood: -7.22621e+06	(delta): 0.00217259
27 (QN/Block) 	Elapsed: 4.09	Loglikelihood: -7.22621e+06	(delta): 0.000142144
28 (QN/Block) 	Elapsed: 4.091	Loglikelihood: -7.22621e+06	(delta): 1.59256e-06
Summary: 
Converged in 28 iterations (128.839 sec)
Loglikelihood: -7226208.944130
Fst divergences between estimated populations: 
	Pop0	Pop1	Pop2	
Pop0	
Pop1	0.155	
Pop2	0.068	0.122	
Pop3	0.121	0.076	0.086	
CV error (K=4): 0.26896
Writing output files.
