****                   ADMIXTURE Version 1.3.0                  ****
****                    Copyright 2008-2015                     ****
****           David Alexander, Suyash Shringarpure,            ****
****                John  Novembre, Ken Lange                   ****
****                                                            ****
****                 Please cite our paper!                     ****
****   Information at www.genetics.ucla.edu/software/admixture  ****

Cross-validation will be performed.  Folds=5.
Parallel execution requested.  Will use 2 threads.
Random seed: 12345
Point estimation method: Block relaxation algorithm
Convergence acceleration algorithm: QuasiNewton, 3 secant conditions
Point estimation will terminate when objective function delta < 0.0001
Estimation of standard errors disabled; will compute point estimates only.
Size of G: 56x483494
Performing five EM steps to prime main algorithm
1 (EM) 	Elapsed: 0.975	Loglikelihood: -8.9705e+06	(delta): 3.4534e+07
2 (EM) 	Elapsed: 0.978	Loglikelihood: -8.41968e+06	(delta): 550823
3 (EM) 	Elapsed: 0.974	Loglikelihood: -8.30369e+06	(delta): 115996
4 (EM) 	Elapsed: 0.977	Loglikelihood: -8.24329e+06	(delta): 60390.9
5 (EM) 	Elapsed: 0.976	Loglikelihood: -8.20605e+06	(delta): 37241.8
Initial loglikelihood: -8.20605e+06
Starting main algorithm
1 (QN/Block) 	Elapsed: 2.733	Loglikelihood: -7.82643e+06	(delta): 379626
2 (QN/Block) 	Elapsed: 2.732	Loglikelihood: -7.61113e+06	(delta): 215292
3 (QN/Block) 	Elapsed: 3.16	Loglikelihood: -7.51695e+06	(delta): 94186.1
4 (QN/Block) 	Elapsed: 3.159	Loglikelihood: -7.45402e+06	(delta): 62927.9
5 (QN/Block) 	Elapsed: 3.158	Loglikelihood: -7.42317e+06	(delta): 30854
6 (QN/Block) 	Elapsed: 3.156	Loglikelihood: -7.41347e+06	(delta): 9694.58
7 (QN/Block) 	Elapsed: 3.321	Loglikelihood: -7.4093e+06	(delta): 4168.69
8 (QN/Block) 	Elapsed: 3.148	Loglikelihood: -7.40571e+06	(delta): 3594.94
9 (QN/Block) 	Elapsed: 3.302	Loglikelihood: -7.39982e+06	(delta): 5892.22
10 (QN/Block) 	Elapsed: 3.313	Loglikelihood: -7.38598e+06	(delta): 13837.9
11 (QN/Block) 	Elapsed: 3.142	Loglikelihood: -7.36823e+06	(delta): 17748.8
12 (QN/Block) 	Elapsed: 3.627	Loglikelihood: -7.36196e+06	(delta): 6272.76
13 (QN/Block) 	Elapsed: 3.137	Loglikelihood: -7.36123e+06	(delta): 722.784
14 (QN/Block) 	Elapsed: 3.134	Loglikelihood: -7.36108e+06	(delta): 155.794
15 (QN/Block) 	Elapsed: 3.132	Loglikelihood: -7.36103e+06	(delta): 44.384
16 (QN/Block) 	Elapsed: 3.623	Loglikelihood: -7.36103e+06	(delta): 6.41386
17 (QN/Block) 	Elapsed: 3.132	Loglikelihood: -7.36103e+06	(delta): 0.298702
18 (QN/Block) 	Elapsed: 3.138	Loglikelihood: -7.36103e+06	(delta): 0.0175365
19 (QN/Block) 	Elapsed: 3.146	Loglikelihood: -7.36103e+06	(delta): 0.000439827
20 (QN/Block) 	Elapsed: 3.137	Loglikelihood: -7.36103e+06	(delta): 2.14744e-05
Summary: 
Converged in 20 iterations (72.859 sec)
Loglikelihood: -7361027.165105
Fst divergences between estimated populations: 
	Pop0	Pop1	
Pop0	
Pop1	0.072	
Pop2	0.112	0.124	
CV error (K=3): 0.23638
Writing output files.
